TradeHelp Community Edition -- Version 1.1.1
JVM Version: 1.7.0_45
Initializing XML... done.
mats.xml version 1.6.4_u1
recipes.xml version 1.6.4_u1
Initializing item list... done.
Creating main window... done.


Retrieving price of Potion (Fire Resistance Extended Splash).
	Retrieving price of Potion (Fire Resistance Extended).
		Retrieving price of Potion (Fire Resistance).
			Retrieving price of Potion (Awkward).
				Retrieving price of Glass Bottle (Water).
					Retrieving price of Glass Bottle.
						Retrieving price of Glass.
							Retrieving price of Sand.
							Retrieving price of Fuel.
								Retrieving price of Coal.
				Retrieving price of Nether Wart.
			Retrieving price of Magma Cream.
				Retrieving price of Slimeball.
				Retrieving price of Blaze Powder.
					Retrieving price of Blaze Rod.
		Retrieving price of Redstone Dust.
	Retrieving price of Gunpowder.
Retrieving price of Anvil.
	Retrieving price of Iron Ingot.
		Retrieving price of Iron Ore.
		Retrieving price of Fuel.
			Retrieving price of Coal.
	Retrieving price of Iron Block.
		Retrieving price of Iron Ingot.
			Retrieving price of Iron Ore.
			Retrieving price of Fuel.
				Retrieving price of Coal.


Retrieving price of Potion (Fire Resistance Extended Splash).
	Retrieving price of Potion (Fire Resistance Extended).
		Retrieving price of Potion (Fire Resistance).
			Retrieving price of Potion (Awkward).
				Retrieving price of Glass Bottle (Water).
					Retrieving price of Glass Bottle.
						Retrieving price of Glass.
							Retrieving price of Sand.
							Retrieving price of Fuel.
								Retrieving price of Coal.
				Retrieving price of Nether Wart.
			Retrieving price of Magma Cream.
				Retrieving price of Slimeball.
				Retrieving price of Blaze Powder.
					Retrieving price of Blaze Rod.
		Retrieving price of Redstone Dust.
	Retrieving price of Gunpowder.
Retrieving price of Diamond Gem.


Retrieving price of Anvil.
	Retrieving price of Iron Ingot.
		Retrieving price of Iron Ore.
		Retrieving price of Fuel.
			Retrieving price of Coal.
	Retrieving price of Iron Block.
		Retrieving price of Iron Ingot.
			Retrieving price of Iron Ore.
			Retrieving price of Fuel.
				Retrieving price of Coal.
Retrieving price of Diamond Gem.
